<?xml version="1.0" encoding="UTF-8"?>
<testsuite xmlns:xsi="http://www.w3.org/2001/XMLSchema-instance" xsi:noNamespaceSchemaLocation="https://maven.apache.org/surefire/maven-surefire-plugin/xsd/surefire-test-report.xsd" name="dao.ApresentacaoDAOTest" time="0.21" tests="4" errors="0" skipped="0" failures="0">
  <properties>
[...]
</properties>
  <testcase name="testCreateAndReadApresentacao" classname="dao.ApresentacaoDAOTest" time="0.034"/>
  <testcase name="testListarApresentacoesPorData" classname="dao.ApresentacaoDAOTest" time="0.014"/>
  <testcase name="testDeleteApresentacao" classname="dao.ApresentacaoDAOTest" time="0.003"/>
  <testcase name="testUpdateApresentacao" classname="dao.ApresentacaoDAOTest" time="0.003"/>
</testsuite>